<?xml version="1.0" encoding="UTF-8"?>
<!-- Generated by org.testng.reporters.JUnitXMLReporter -->
<testsuite ignored="3" hostname="Hemanth" failures="0" tests="1" name="Test" time="0.071" errors="0" timestamp="2022-08-17T15:02:57 IST">
  <testcase classname="practice.Sample1" name="read" time="0.014"/>
  <testcase classname="practice.Sample1" name="create" time="0.0">
    <ignored/>
  </testcase> <!-- create -->
  <testcase classname="practice.Sample1" name="delete" time="0.0">
    <ignored/>
  </testcase> <!-- delete -->
  <testcase classname="practice.Sample1" name="update" time="0.0">
    <ignored/>
  </testcase> <!-- update -->
</testsuite> <!-- Test -->
