<?xml version="1.0" encoding="UTF-8"?>
<testng-results ignored="0" total="1" passed="1" failed="0" skipped="0">
  <reporter-output>
  </reporter-output>
  <suite started-at="2022-09-06T12:34:48 IST" name="Default suite" finished-at="2022-09-06T12:34:48 IST" duration-ms="37">
    <groups>
    </groups>
    <test started-at="2022-09-06T12:34:48 IST" name="Default test" finished-at="2022-09-06T12:34:48 IST" duration-ms="37">
      <class name="Practice2.AssendingOrder">
        <test-method signature="sample()[pri:0, instance:Practice2.AssendingOrder@b62d79]" started-at="2022-09-06T12:34:48 IST" name="sample" finished-at="2022-09-06T12:34:48 IST" duration-ms="6" status="PASS">
          <reporter-output>
          </reporter-output>
        </test-method> <!-- sample -->
      </class> <!-- Practice2.AssendingOrder -->
    </test> <!-- Default test -->
  </suite> <!-- Default suite -->
</testng-results>
