<?xml version="1.0" encoding="UTF-8"?>
<!-- Generated by org.testng.reporters.JUnitXMLReporter -->
<testsuite ignored="0" hostname="Hemanth" failures="0" tests="4" name="Test" time="0.105" errors="0" timestamp="2022-08-18T12:33:59 IST">
  <testcase classname="practice.Sample1" name="create" time="0.008"/>
  <testcase classname="practice.Sample1" name="delete" time="0.003"/>
  <testcase classname="practice.Sample1" name="read" time="0.002"/>
  <testcase classname="practice.Sample1" name="update" time="0.003"/>
</testsuite> <!-- Test -->
