<?xml version="1.0" encoding="UTF-8"?>
<!-- Generated by org.testng.reporters.JUnitXMLReporter -->
<testsuite ignored="0" hostname="DESKTOP-BAJSTAT" failures="0" tests="5" name="Default test" time="0.045" errors="0" timestamp="2022-09-25T21:10:10 IST">
  <testcase classname="Practi.Sample" name="sam" time="0.007"/>
  <testcase classname="Practi.Sample" name="sam" time="0.001"/>
  <testcase classname="Practi.Sample" name="sam" time="0.001"/>
  <testcase classname="Practi.Sample" name="sam" time="0.001"/>
  <testcase classname="Practi.Sample" name="sam" time="0.001"/>
</testsuite> <!-- Default test -->
