<?xml version="1.0" encoding="UTF-8"?>
<!-- Generated by org.testng.reporters.JUnitXMLReporter -->
<testsuite ignored="8" hostname="Hemanth" failures="0" tests="8" name="Test" time="0.119" errors="0" timestamp="2022-08-17T14:53:12 IST">
  <testcase classname="practice.Sample2" name="create" time="0.013"/>
  <testcase classname="practice.Sample2" name="delete" time="0.004"/>
  <testcase classname="practice.Sample2" name="read" time="0.002"/>
  <testcase classname="practice.Sample2" name="update" time="0.002"/>
  <testcase classname="practice.Sample4" name="create" time="0.002"/>
  <testcase classname="practice.Sample4" name="delete" time="0.002"/>
  <testcase classname="practice.Sample4" name="read" time="0.004"/>
  <testcase classname="practice.Sample4" name="update" time="0.001"/>
  <testcase classname="practice.Sample1" name="create" time="0.0">
    <ignored/>
  </testcase> <!-- create -->
  <testcase classname="practice.Sample1" name="read" time="0.0">
    <ignored/>
  </testcase> <!-- read -->
  <testcase classname="practice.Sample3" name="read" time="0.0">
    <ignored/>
  </testcase> <!-- read -->
  <testcase classname="practice.Sample3" name="delete" time="0.0">
    <ignored/>
  </testcase> <!-- delete -->
  <testcase classname="practice.Sample1" name="delete" time="0.0">
    <ignored/>
  </testcase> <!-- delete -->
  <testcase classname="practice.Sample3" name="update" time="0.0">
    <ignored/>
  </testcase> <!-- update -->
  <testcase classname="practice.Sample1" name="update" time="0.0">
    <ignored/>
  </testcase> <!-- update -->
  <testcase classname="practice.Sample3" name="create" time="0.0">
    <ignored/>
  </testcase> <!-- create -->
</testsuite> <!-- Test -->
